<?xml version="1.0" encoding="UTF-8"?>
<!-- Generated by org.testng.reporters.JUnitXMLReporter -->
<testsuite ignored="0" hostname="DESKTOP-VFB5H84" failures="2" tests="12" name="RegressionTestOrangeHRM" time="172.765" errors="0" timestamp="01 Apr 2021 13:49:09 GMT">
  <testcase classname="com.orangehrm.testcases.OrangeHrmTest" name="verifyValidLogin" time="17.853"/>
  <testcase classname="com.orangehrm.testcases.OrangeHrmTest" name="verifyValidLogin" time="26.081">
    <failure type="java.lang.AssertionError" message="Login is not Successful">
      <![CDATA[java.lang.AssertionError: Login is not Successful
at org.junit.Assert.fail(Assert.java:88)
at com.orangehrm.pages.LoginPage.AppLogin(LoginPage.java:84)
at com.orangehrm.testcases.OrangeHrmTest.verifyValidLogin(OrangeHrmTest.java:18)
... Removed 25 stack frames]]>
    </failure>
  </testcase> <!-- verifyValidLogin -->
  <testcase classname="com.orangehrm.testcases.OrangeHrmTest" name="InvalidUsername" time="15.299"/>
  <testcase classname="com.orangehrm.testcases.OrangeHrmTest" name="InvalidPwd" time="15.523"/>
  <testcase classname="com.orangehrm.testcases.OrangeHrmTest" name="VerifyForgotPwdLink" time="9.788"/>
  <testcase classname="com.orangehrm.testcases.OrangeHrmTest" name="VerifyLinkeDin" time="10.384"/>
  <testcase classname="com.orangehrm.testcases.OrangeHrmTest" name="VerifyFaceBookBtn" time="11.819"/>
  <testcase classname="com.orangehrm.testcases.OrangeHrmTest" name="YoutubeBtn" time="11.268"/>
  <testcase classname="com.orangehrm.testcases.OrangeHrmTest" name="ResetPwdWithOutData" time="10.057">
    <failure type="java.lang.IllegalArgumentException" message="Keys to send should be a not null CharSequence">
      <![CDATA[java.lang.IllegalArgumentException: Keys to send should be a not null CharSequence
at org.openqa.selenium.remote.RemoteWebElement.sendKeys(RemoteWebElement.java:97)
at org.openqa.selenium.support.pagefactory.internal.LocatingElementHandler.invoke(LocatingElementHandler.java:51)
at jdk.proxy2/jdk.proxy2.$Proxy14.sendKeys(Unknown Source)
at com.orangehrm.framework.webdriver.BasePage.UpdateDataIntoField(BasePage.java:59)
at com.orangehrm.pages.ForgotPwdPage.ResetPwdWithOutData(ForgotPwdPage.java:69)
at com.orangehrm.testcases.OrangeHrmTest.ResetPwdWithOutData(OrangeHrmTest.java:69)
... Removed 29 stack frames]]>
    </failure>
  </testcase> <!-- ResetPwdWithOutData -->
  <testcase classname="com.orangehrm.testcases.OrangeHrmTest" name="ResetPwdWitheData" time="11.091"/>
  <testcase classname="com.orangehrm.testcases.OrangeHrmTest" name="ResetPwdWitheWrongData" time="11.011"/>
  <testcase classname="com.orangehrm.testcases.OrangeHrmTest" name="Cancel" time="10.548"/>
</testsuite> <!-- RegressionTestOrangeHRM -->
